TN:
SF:config.ts
FNF:0
FNH:0
DA:3,7
LF:1
LH:1
BRF:0
BRH:0
end_of_record
TN:
SF:src/app.module.ts
FNF:0
FNH:0
DA:1,1
DA:2,1
DA:3,1
DA:4,1
DA:5,1
DA:6,1
DA:7,1
DA:8,1
DA:9,1
DA:10,1
DA:11,1
DA:12,1
DA:13,1
DA:14,1
DA:33,1
LF:15
LH:15
BRF:0
BRH:0
end_of_record
TN:
SF:src/__infrastructure__/graphql/base.model.ts
FN:5,(anonymous_2)
FNF:1
FNH:1
FNDA:2,(anonymous_2)
DA:1,1
DA:4,1
DA:5,2
DA:6,1
DA:9,1
DA:12,1
DA:15,1
DA:18,1
LF:8
LH:8
BRF:0
BRH:0
end_of_record
TN:
SF:src/__infrastructure__/typeorm/base.data-builder.ts
FN:3,baseEntityDataBuilder
FNF:1
FNH:1
FNDA:65,baseEntityDataBuilder
DA:1,7
DA:3,7
DA:4,65
DA:11,65
LF:4
LH:4
BRDA:3,0,0,65
BRF:1
BRH:1
end_of_record
TN:
SF:src/__infrastructure__/typeorm/base.entity.ts
FN:27,(anonymous_2)
FNF:1
FNH:1
FNDA:606,(anonymous_2)
DA:1,16
DA:11,16
DA:13,16
DA:16,16
DA:19,16
DA:22,16
DA:25,16
DA:28,606
LF:8
LH:8
BRDA:27,0,0,606
BRF:1
BRH:1
end_of_record
TN:
SF:src/__infrastructure__/typeorm/expected-base-entity.data-builder.ts
FNF:0
FNH:0
DA:1,1
LF:1
LH:1
BRF:0
BRH:0
end_of_record
TN:
SF:src/athlete/athlete.module.ts
FNF:0
FNH:0
DA:1,1
DA:2,1
DA:3,1
DA:4,1
DA:5,1
DA:6,1
DA:19,1
LF:7
LH:7
BRF:0
BRH:0
end_of_record
TN:
SF:src/athlete/athlete.resolver.ts
FN:7,(anonymous_4)
FN:10,(anonymous_5)
FN:9,(anonymous_6)
FN:11,(anonymous_7)
FNF:4
FNH:4
FNDA:1,(anonymous_4)
FNDA:1,(anonymous_5)
FNDA:2,(anonymous_6)
FNDA:1,(anonymous_7)
DA:1,1
DA:2,1
DA:3,1
DA:6,1
DA:7,1
DA:9,2
DA:10,1
DA:11,1
DA:13,1
LF:9
LH:9
BRF:0
BRH:0
end_of_record
TN:
SF:src/athlete/athlete.service.ts
FN:10,(anonymous_4)
FN:15,(anonymous_5)
FNF:2
FNH:2
FNDA:3,(anonymous_4)
FNDA:2,(anonymous_5)
DA:1,2
DA:2,2
DA:9,2
DA:12,3
DA:16,2
LF:5
LH:5
BRF:0
BRH:0
end_of_record
TN:
SF:src/athlete/data-builders/athlete.data-builder.ts
FN:11,athleteDataBuilder
FNF:1
FNH:1
FNDA:37,athleteDataBuilder
DA:1,4
DA:2,4
DA:3,4
DA:4,4
DA:5,4
DA:6,4
DA:7,4
DA:8,4
DA:9,4
DA:11,4
DA:13,37
DA:14,37
DA:27,37
DA:30,4
LF:14
LH:14
BRDA:11,0,0,32
BRF:1
BRH:1
end_of_record
TN:
SF:src/athlete/entities/athlete.entity.ts
FN:30,(anonymous_2)
FN:18,(anonymous_3)
FN:22,(anonymous_4)
FN:22,(anonymous_5)
FN:27,(anonymous_6)
FN:27,(anonymous_7)
FNF:6
FNH:6
FNDA:58,(anonymous_2)
FNDA:7,(anonymous_3)
FNDA:7,(anonymous_4)
FNDA:7,(anonymous_5)
FNDA:7,(anonymous_6)
FNDA:7,(anonymous_7)
DA:1,16
DA:2,16
DA:3,16
DA:4,16
DA:5,16
DA:8,16
DA:10,16
DA:13,16
DA:16,16
DA:18,7
DA:20,16
DA:22,7
DA:25,16
DA:27,7
DA:28,16
DA:31,58
DA:32,58
LF:17
LH:17
BRDA:30,0,0,13
BRF:1
BRH:1
end_of_record
TN:
SF:src/athlete/models/athlete.model.ts
FN:9,(anonymous_2)
FN:18,(anonymous_3)
FN:21,(anonymous_4)
FN:24,(anonymous_5)
FNF:4
FNH:4
FNDA:2,(anonymous_2)
FNDA:2,(anonymous_3)
FNDA:2,(anonymous_4)
FNDA:2,(anonymous_5)
DA:1,1
DA:2,1
DA:3,1
DA:4,1
DA:5,1
DA:8,1
DA:9,2
DA:10,1
DA:13,1
DA:16,1
DA:18,2
DA:19,1
DA:21,2
DA:22,1
DA:24,2
DA:25,1
LF:16
LH:16
BRF:0
BRH:0
end_of_record
TN:
SF:src/athlete/repositories/athlete-repository.interface.ts
FNF:0
FNH:0
DA:3,3
LF:1
LH:1
BRF:0
BRH:0
end_of_record
TN:
SF:src/athlete/repositories/in-memory-athlete.repository.ts
FN:14,(anonymous_0)
FN:17,(anonymous_1)
FN:20,(anonymous_2)
FN:34,(anonymous_3)
FN:36,(anonymous_4)
FN:40,(anonymous_5)
FN:44,(anonymous_6)
FN:46,(anonymous_7)
FNF:8
FNH:8
FNDA:30,(anonymous_0)
FNDA:2,(anonymous_1)
FNDA:6,(anonymous_2)
FNDA:2,(anonymous_3)
FNDA:2,(anonymous_4)
FNDA:5,(anonymous_5)
FNDA:3,(anonymous_6)
FNDA:5,(anonymous_7)
DA:2,2
DA:3,2
DA:4,2
DA:5,2
DA:7,2
DA:8,10
DA:13,10
DA:14,30
DA:18,2
DA:19,2
DA:20,6
DA:23,2
DA:24,1
DA:26,1
DA:35,2
DA:36,2
DA:41,5
DA:45,3
DA:46,5
LF:19
LH:19
BRDA:23,0,0,1
BRDA:23,0,1,1
BRF:2
BRH:2
end_of_record
TN:
SF:src/athlete/repositories/typeorm-athlete.repository.ts
FN:10,(anonymous_1)
FN:14,(anonymous_2)
FN:17,(anonymous_3)
FN:23,(anonymous_4)
FN:30,(anonymous_5)
FN:33,(anonymous_6)
FN:39,(anonymous_7)
FNF:7
FNH:7
FNDA:3,(anonymous_1)
FNDA:3,(anonymous_2)
FNDA:7,(anonymous_3)
FNDA:3,(anonymous_4)
FNDA:3,(anonymous_5)
FNDA:7,(anonymous_6)
FNDA:20,(anonymous_7)
DA:1,7
DA:2,7
DA:6,7
DA:11,3
DA:14,3
DA:15,3
DA:17,3
DA:18,7
DA:20,3
DA:24,3
DA:30,3
DA:31,3
DA:33,3
DA:34,7
DA:36,3
DA:40,20
LF:16
LH:16
BRDA:40,0,0,12
BRDA:40,0,1,8
BRF:2
BRH:2
end_of_record
TN:
SF:src/athlete/types/repository-errors.enum.ts
FN:1,(anonymous_0)
FNF:1
FNH:1
FNDA:4,(anonymous_0)
DA:1,4
DA:2,4
LF:2
LH:2
BRDA:1,0,0,4
BRDA:1,0,1,4
BRF:2
BRH:2
end_of_record
TN:
SF:src/auth/auth.module.ts
FNF:0
FNH:0
DA:1,1
DA:2,1
DA:3,1
DA:4,1
DA:5,1
DA:6,1
DA:7,1
DA:8,1
DA:9,1
DA:10,1
DA:11,1
DA:12,1
DA:13,1
DA:46,1
LF:14
LH:14
BRF:0
BRH:0
end_of_record
TN:
SF:src/auth/auth.resolver.ts
FN:11,(anonymous_4)
FN:15,(anonymous_5)
FN:21,(anonymous_6)
FN:29,(anonymous_7)
FN:14,(anonymous_8)
FN:20,(anonymous_9)
FN:28,(anonymous_10)
FN:30,(anonymous_11)
FNF:8
FNH:8
FNDA:1,(anonymous_4)
FNDA:2,(anonymous_5)
FNDA:1,(anonymous_6)
FNDA:1,(anonymous_7)
FNDA:2,(anonymous_8)
FNDA:2,(anonymous_9)
FNDA:2,(anonymous_10)
FNDA:1,(anonymous_11)
DA:1,1
DA:2,1
DA:3,1
DA:4,1
DA:5,1
DA:6,1
DA:7,1
DA:10,1
DA:11,1
DA:14,2
DA:15,1
DA:16,2
DA:20,2
DA:21,1
DA:24,1
DA:28,2
DA:29,1
DA:30,1
DA:32,1
LF:19
LH:19
BRF:0
BRH:0
end_of_record
TN:
SF:src/auth/auth.service.ts
FN:24,(anonymous_4)
FN:32,(anonymous_5)
FN:45,(anonymous_6)
FN:52,(anonymous_7)
FN:69,(anonymous_8)
FN:74,(anonymous_9)
FN:80,(anonymous_10)
FNF:7
FNH:7
FNDA:9,(anonymous_4)
FNDA:5,(anonymous_5)
FNDA:4,(anonymous_6)
FNDA:4,(anonymous_7)
FNDA:4,(anonymous_8)
FNDA:2,(anonymous_9)
FNDA:2,(anonymous_10)
DA:1,2
DA:8,2
DA:12,2
DA:13,2
DA:16,2
DA:17,2
DA:18,2
DA:19,2
DA:20,2
DA:23,2
DA:25,9
DA:27,9
DA:29,9
DA:35,5
DA:36,5
DA:38,5
DA:39,2
DA:40,3
DA:41,3
DA:42,3
DA:49,4
DA:53,4
DA:54,4
DA:55,4
DA:56,4
DA:63,4
DA:65,2
DA:70,4
DA:71,4
DA:75,2
DA:81,2
DA:82,2
DA:83,2
LF:33
LH:33
BRDA:38,0,0,2
BRDA:38,0,1,3
BRDA:38,1,0,5
BRDA:38,1,1,4
BRDA:76,2,0,1
BRDA:76,2,1,1
BRF:6
BRH:6
end_of_record
TN:
SF:src/auth/gql.auth.guard.ts
FN:10,(anonymous_2)
FN:14,(anonymous_3)
FN:25,(anonymous_4)
FNF:3
FNH:3
FNDA:2,(anonymous_2)
FNDA:16,(anonymous_3)
FNDA:12,(anonymous_4)
DA:1,1
DA:2,1
DA:3,1
DA:4,1
DA:6,1
DA:9,1
DA:10,2
DA:11,2
DA:17,16
DA:21,16
DA:22,12
DA:26,12
DA:27,12
LF:13
LH:13
BRDA:21,0,0,4
BRDA:21,0,1,12
BRF:2
BRH:2
end_of_record
TN:
SF:src/auth/is-public.decorator.ts
FN:4,(anonymous_0)
FNF:1
FNH:1
FNDA:3,(anonymous_0)
DA:1,1
DA:3,1
DA:4,3
LF:3
LH:3
BRF:0
BRH:0
end_of_record
TN:
SF:src/auth/jwt.strategy.ts
FN:7,(anonymous_2)
FN:22,(anonymous_3)
FNF:2
FNH:2
FNDA:1,(anonymous_2)
FNDA:12,(anonymous_3)
DA:1,1
DA:2,1
DA:3,1
DA:6,1
DA:8,1
DA:23,12
LF:6
LH:6
BRF:0
BRH:0
end_of_record
TN:
SF:src/auth/data-builders/auth-credentials-input.data-builder.ts
FN:3,authCredentialsInputDataBuilder
FNF:1
FNH:1
FNDA:5,authCredentialsInputDataBuilder
DA:1,2
DA:3,2
DA:4,5
DA:8,5
LF:4
LH:4
BRDA:3,0,0,1
BRF:1
BRH:1
end_of_record
TN:
SF:src/auth/data-builders/register-athlete-input.data-builder.ts
FN:5,registerAthleteInputDataBuilder
FNF:1
FNH:1
FNDA:4,registerAthleteInputDataBuilder
DA:1,2
DA:2,2
DA:3,2
DA:5,2
DA:7,4
DA:8,4
DA:14,4
LF:7
LH:7
BRDA:5,0,0,3
BRF:1
BRH:1
end_of_record
TN:
SF:src/auth/gateways/email.gateway.ts
FNF:0
FNH:0
DA:3,2
LF:1
LH:1
BRF:0
BRH:0
end_of_record
TN:
SF:src/auth/gateways/in-memory-email.gateway.ts
FN:6,(anonymous_0)
FNF:1
FNH:1
FNDA:2,(anonymous_0)
DA:2,2
DA:5,2
DA:7,2
DA:8,2
DA:40,2
DA:41,2
LF:6
LH:6
BRF:0
BRH:0
end_of_record
TN:
SF:src/auth/types/access-token.type-2.ts
FNF:0
FNH:0
DA:1,1
DA:4,1
DA:6,1
LF:3
LH:3
BRF:0
BRH:0
end_of_record
TN:
SF:src/auth/types/auth-credentials.input.ts
FNF:0
FNH:0
DA:1,1
DA:4,1
DA:6,1
DA:9,1
LF:4
LH:4
BRF:0
BRH:0
end_of_record
TN:
SF:src/auth/types/register-athlete.input.ts
FN:6,(anonymous_2)
FNF:1
FNH:1
FNDA:1,(anonymous_2)
DA:1,1
DA:2,1
DA:5,1
DA:6,1
DA:7,1
DA:10,1
DA:13,1
DA:16,1
LF:8
LH:8
BRF:0
BRH:0
end_of_record
TN:
SF:src/biometrics/biometrics.module.ts
FNF:0
FNH:0
DA:1,1
DA:2,1
DA:3,1
DA:8,1
LF:4
LH:4
BRF:0
BRH:0
end_of_record
TN:
SF:src/biometrics/data-builders/biometrics.data-builder.ts
FN:10,biometricsDataBuilder
FNF:1
FNH:1
FNDA:50,biometricsDataBuilder
DA:1,4
DA:2,4
DA:3,4
DA:4,4
DA:6,4
DA:7,4
DA:8,4
DA:10,4
DA:11,50
DA:21,50
DA:22,50
DA:25,4
LF:12
LH:12
BRDA:10,0,0,50
BRF:1
BRH:1
end_of_record
TN:
SF:src/biometrics/entities/biometrics.entity.ts
FN:33,(anonymous_2)
FNF:1
FNH:1
FNDA:61,(anonymous_2)
DA:1,16
DA:2,16
DA:3,16
DA:4,16
DA:5,16
DA:8,16
DA:10,16
DA:13,16
DA:16,16
DA:19,16
DA:22,16
DA:25,16
DA:28,16
DA:31,16
DA:34,61
DA:35,61
LF:16
LH:16
BRDA:33,0,0,13
BRF:1
BRH:1
end_of_record
TN:
SF:src/biometrics/models/biometrics.model.ts
FN:9,(anonymous_2)
FN:12,(anonymous_3)
FN:15,(anonymous_4)
FN:18,(anonymous_5)
FN:21,(anonymous_6)
FN:24,(anonymous_7)
FN:27,(anonymous_8)
FN:30,(anonymous_9)
FNF:8
FNH:8
FNDA:2,(anonymous_2)
FNDA:2,(anonymous_3)
FNDA:2,(anonymous_4)
FNDA:2,(anonymous_5)
FNDA:2,(anonymous_6)
FNDA:2,(anonymous_7)
FNDA:2,(anonymous_8)
FNDA:2,(anonymous_9)
DA:1,1
DA:2,1
DA:3,1
DA:4,1
DA:5,1
DA:8,1
DA:9,2
DA:10,1
DA:12,2
DA:13,1
DA:15,2
DA:16,1
DA:18,2
DA:19,1
DA:21,2
DA:22,1
DA:24,2
DA:25,1
DA:27,2
DA:28,1
DA:30,2
DA:31,1
LF:22
LH:22
BRF:0
BRH:0
end_of_record
TN:
SF:src/biometrics/repositories/typeorm-biometrics.repository.ts
FN:12,(anonymous_1)
FNF:1
FNH:0
FNDA:0,(anonymous_1)
DA:1,7
DA:2,7
DA:5,7
DA:8,7
DA:13,0
LF:5
LH:4
BRF:0
BRH:0
end_of_record
TN:
SF:src/biometrics/types/biometrics.input.ts
FN:8,(anonymous_2)
FN:11,(anonymous_3)
FN:14,(anonymous_4)
FN:17,(anonymous_5)
FN:20,(anonymous_6)
FN:23,(anonymous_7)
FN:26,(anonymous_8)
FN:29,(anonymous_9)
FNF:8
FNH:8
FNDA:1,(anonymous_2)
FNDA:1,(anonymous_3)
FNDA:1,(anonymous_4)
FNDA:1,(anonymous_5)
FNDA:1,(anonymous_6)
FNDA:1,(anonymous_7)
FNDA:1,(anonymous_8)
FNDA:1,(anonymous_9)
DA:1,1
DA:2,1
DA:3,1
DA:4,1
DA:7,1
DA:8,1
DA:9,1
DA:11,1
DA:12,1
DA:14,1
DA:15,1
DA:17,1
DA:18,1
DA:20,1
DA:21,1
DA:23,1
DA:24,1
DA:26,1
DA:27,1
DA:29,1
DA:30,1
LF:21
LH:21
BRF:0
BRH:0
end_of_record
TN:
SF:src/biometrics/types/gender.enum.ts
FN:1,(anonymous_0)
FNF:1
FNH:1
FNDA:16,(anonymous_0)
DA:1,16
DA:2,16
DA:3,16
DA:4,16
DA:5,16
LF:5
LH:5
BRDA:1,0,0,16
BRDA:1,0,1,16
BRF:2
BRH:2
end_of_record
TN:
SF:src/biometrics/types/metric-system.enum.ts
FN:1,(anonymous_0)
FNF:1
FNH:1
FNDA:16,(anonymous_0)
DA:1,16
DA:2,16
DA:3,16
LF:3
LH:3
BRDA:1,0,0,16
BRDA:1,0,1,16
BRF:2
BRH:2
end_of_record
TN:
SF:src/biometrics/types/weight-goal.enum.ts
FN:1,(anonymous_0)
FNF:1
FNH:1
FNDA:16,(anonymous_0)
DA:1,16
DA:2,16
DA:3,16
DA:4,16
DA:5,16
DA:6,16
LF:6
LH:6
BRDA:1,0,0,16
BRDA:1,0,1,16
BRF:2
BRH:2
end_of_record
TN:
SF:src/daily-task/daily-task.module.ts
FNF:0
FNH:0
DA:1,1
DA:2,1
DA:3,1
DA:4,1
DA:5,1
DA:17,1
LF:6
LH:6
BRF:0
BRH:0
end_of_record
TN:
SF:src/daily-task/daily-task.service.ts
FN:10,(anonymous_4)
FN:15,(anonymous_5)
FNF:2
FNH:2
FNDA:3,(anonymous_4)
FNDA:1,(anonymous_5)
DA:1,2
DA:3,2
DA:9,2
DA:12,3
DA:16,1
LF:5
LH:5
BRF:0
BRH:0
end_of_record
TN:
SF:src/daily-task/data-builders/daily-task.data-builder.ts
FN:3,dailyTaskDataBuilder
FNF:1
FNH:1
FNDA:104,dailyTaskDataBuilder
DA:1,6
DA:3,6
DA:4,104
DA:8,104
DA:11,6
LF:5
LH:5
BRDA:3,0,0,104
BRF:1
BRH:1
end_of_record
TN:
SF:src/daily-task/entities/daily-task.entity.ts
FN:13,(anonymous_2)
FN:10,(anonymous_3)
FN:10,(anonymous_4)
FNF:3
FNH:3
FNDA:115,(anonymous_2)
FNDA:7,(anonymous_3)
FNDA:7,(anonymous_4)
DA:1,16
DA:2,16
DA:3,16
DA:6,16
DA:8,16
DA:10,7
DA:11,16
DA:14,115
DA:15,115
LF:9
LH:9
BRDA:13,0,0,25
BRF:1
BRH:1
end_of_record
TN:
SF:src/daily-task/models/daily-task.model.ts
FN:10,(anonymous_2)
FNF:1
FNH:1
FNDA:2,(anonymous_2)
DA:1,1
DA:2,1
DA:3,1
DA:6,1
DA:8,1
DA:10,2
DA:11,1
LF:7
LH:7
BRF:0
BRH:0
end_of_record
TN:
SF:src/daily-task/repositories/daily-task-repository.interface.ts
FNF:0
FNH:0
DA:3,2
LF:1
LH:1
BRF:0
BRH:0
end_of_record
TN:
SF:src/daily-task/repositories/daily-task.in-memory.repository.ts
FN:13,(anonymous_0)
FNF:1
FNH:1
FNDA:2,(anonymous_0)
DA:2,1
DA:3,1
DA:5,1
DA:6,2
DA:14,2
LF:5
LH:5
BRF:0
BRH:0
end_of_record
TN:
SF:src/daily-task/repositories/daily-task.typeorm.repository.ts
FN:10,(anonymous_1)
FNF:1
FNH:1
FNDA:1,(anonymous_1)
DA:1,7
DA:2,7
DA:6,7
DA:11,1
LF:4
LH:4
BRF:0
BRH:0
end_of_record
TN:
SF:src/exercise/exercise-template.resolver.ts
FN:7,(anonymous_2)
FN:12,(anonymous_3)
FN:11,(anonymous_4)
FN:5,(anonymous_5)
FNF:4
FNH:4
FNDA:1,(anonymous_2)
FNDA:1,(anonymous_3)
FNDA:2,(anonymous_4)
FNDA:2,(anonymous_5)
DA:1,1
DA:2,1
DA:3,1
DA:5,2
DA:6,1
DA:8,1
DA:11,2
DA:12,1
DA:13,1
LF:9
LH:9
BRF:0
BRH:0
end_of_record
TN:
SF:src/exercise/exercise-template.service.ts
FN:10,(anonymous_4)
FN:15,(anonymous_5)
FNF:2
FNH:2
FNDA:3,(anonymous_4)
FNDA:2,(anonymous_5)
DA:1,2
DA:3,2
DA:9,2
DA:12,3
DA:16,2
LF:5
LH:5
BRF:0
BRH:0
end_of_record
TN:
SF:src/exercise/exercise.module.ts
FNF:0
FNH:0
DA:1,1
DA:2,1
DA:3,1
DA:4,1
DA:5,1
DA:6,1
DA:7,1
DA:8,1
DA:9,1
DA:10,1
DA:34,1
LF:11
LH:11
BRF:0
BRH:0
end_of_record
TN:
SF:src/exercise/exercise.resolver.ts
FN:9,(anonymous_4)
FN:12,(anonymous_5)
FN:19,(anonymous_6)
FN:26,(anonymous_7)
FN:11,(anonymous_8)
FN:13,(anonymous_9)
FN:18,(anonymous_10)
FN:25,(anonymous_11)
FN:27,(anonymous_12)
FN:7,(anonymous_13)
FNF:10
FNH:9
FNDA:1,(anonymous_4)
FNDA:1,(anonymous_5)
FNDA:1,(anonymous_6)
FNDA:0,(anonymous_7)
FNDA:2,(anonymous_8)
FNDA:1,(anonymous_9)
FNDA:2,(anonymous_10)
FNDA:2,(anonymous_11)
FNDA:1,(anonymous_12)
FNDA:2,(anonymous_13)
DA:1,1
DA:2,1
DA:3,1
DA:4,1
DA:5,1
DA:7,2
DA:8,1
DA:9,1
DA:11,2
DA:12,1
DA:13,1
DA:15,1
DA:18,2
DA:19,1
DA:22,1
DA:25,2
DA:26,1
DA:27,1
DA:29,0
DA:30,0
LF:20
LH:18
BRF:0
BRH:0
end_of_record
TN:
SF:src/exercise/exercise.service.ts
FN:12,(anonymous_4)
FN:17,(anonymous_5)
FN:28,(anonymous_6)
FN:32,(anonymous_7)
FNF:4
FNH:4
FNDA:2,(anonymous_4)
FNDA:2,(anonymous_5)
FNDA:2,(anonymous_6)
FNDA:1,(anonymous_7)
DA:1,2
DA:2,2
DA:11,2
DA:14,2
DA:20,2
DA:21,2
DA:22,2
DA:29,2
DA:33,1
LF:9
LH:9
BRF:0
BRH:0
end_of_record
TN:
SF:src/exercise/data-builders/default-exercise-templates.data-builder.ts
FN:1,generateExercisesWithHardCodedUuid
FN:15,defaultExerciseTemplatesDataBuilder
FNF:2
FNH:2
FNDA:82,generateExercisesWithHardCodedUuid
FNDA:82,defaultExerciseTemplatesDataBuilder
DA:2,82
DA:3,82
DA:4,984
DA:5,984
DA:6,984
DA:10,984
DA:12,82
DA:15,8
DA:16,82
DA:30,82
LF:10
LH:10
BRF:0
BRH:0
end_of_record
TN:
SF:src/exercise/data-builders/exercise-details-input.data-builder.ts
FN:3,exerciseDetailsInputDataBuilder
FNF:1
FNH:1
FNDA:2,exerciseDetailsInputDataBuilder
DA:1,2
DA:3,2
DA:4,2
DA:11,2
LF:4
LH:4
BRDA:3,0,0,1
BRF:1
BRH:1
end_of_record
TN:
SF:src/exercise/data-builders/exercise-input.data-builder.ts
FN:5,exerciseInputDataBuilder
FNF:1
FNH:1
FNDA:2,exerciseInputDataBuilder
DA:1,1
DA:2,1
DA:3,1
DA:5,1
DA:6,2
DA:15,2
LF:6
LH:6
BRDA:5,0,0,0
BRF:1
BRH:0
end_of_record
TN:
SF:src/exercise/data-builders/exercise-template.data-builder.ts
FN:5,exerciseTemplateDataBuilder
FN:59,(anonymous_1)
FNF:2
FNH:2
FNDA:81,exerciseTemplateDataBuilder
FNDA:96,(anonymous_1)
DA:1,8
DA:2,8
DA:3,8
DA:5,8
DA:6,81
DA:7,81
DA:10,8
DA:59,96
LF:8
LH:8
BRF:0
BRH:0
end_of_record
TN:
SF:src/exercise/data-builders/exercise.data-builder.ts
FN:7,exerciseDataBuilder
FNF:1
FNH:1
FNDA:65,exerciseDataBuilder
DA:1,7
DA:2,7
DA:3,7
DA:4,7
DA:5,7
DA:7,7
DA:8,65
DA:9,65
DA:18,65
DA:21,7
LF:10
LH:10
BRDA:7,0,0,45
BRF:1
BRH:1
end_of_record
TN:
SF:src/exercise/entities/exercise-template.entity.ts
FN:15,(anonymous_2)
FN:12,(anonymous_3)
FN:12,(anonymous_4)
FNF:3
FNH:3
FNDA:313,(anonymous_2)
FNDA:7,(anonymous_3)
FNDA:7,(anonymous_4)
DA:1,16
DA:2,16
DA:5,16
DA:7,16
DA:10,16
DA:12,7
DA:13,16
DA:16,313
LF:8
LH:8
BRDA:15,0,0,141
BRF:1
BRH:1
end_of_record
TN:
SF:src/exercise/entities/exercise.entity.ts
FN:39,(anonymous_2)
FN:10,(anonymous_3)
FN:11,(anonymous_4)
FN:33,(anonymous_5)
FN:33,(anonymous_6)
FN:36,(anonymous_7)
FN:36,(anonymous_8)
FNF:7
FNH:7
FNDA:139,(anonymous_2)
FNDA:7,(anonymous_3)
FNDA:7,(anonymous_4)
FNDA:7,(anonymous_5)
FNDA:7,(anonymous_6)
FNDA:7,(anonymous_7)
FNDA:7,(anonymous_8)
DA:1,16
DA:2,16
DA:3,16
DA:4,16
DA:5,16
DA:8,16
DA:10,7
DA:11,7
DA:16,16
DA:19,16
DA:22,16
DA:25,16
DA:28,16
DA:31,16
DA:33,7
DA:34,16
DA:36,7
DA:37,16
DA:40,139
DA:41,139
LF:20
LH:20
BRDA:39,0,0,79
BRF:1
BRH:1
end_of_record
TN:
SF:src/exercise/models/exercise-template.model.ts
FN:5,(anonymous_2)
FNF:1
FNH:1
FNDA:2,(anonymous_2)
DA:1,1
DA:4,1
DA:5,2
DA:6,1
DA:9,1
LF:5
LH:5
BRF:0
BRH:0
end_of_record
TN:
SF:src/exercise/models/exercise.model.ts
FN:27,(anonymous_2)
FN:30,(anonymous_3)
FNF:2
FNH:2
FNDA:2,(anonymous_2)
FNDA:2,(anonymous_3)
DA:1,1
DA:2,1
DA:3,1
DA:4,1
DA:5,1
DA:8,1
DA:10,1
DA:13,1
DA:16,1
DA:19,1
DA:22,1
DA:25,1
DA:27,2
DA:28,1
DA:30,2
DA:31,1
LF:16
LH:16
BRF:0
BRH:0
end_of_record
TN:
SF:src/exercise/repositories/exercise-repository.interface.ts
FNF:0
FNH:0
DA:4,4
LF:1
LH:1
BRF:0
BRH:0
end_of_record
TN:
SF:src/exercise/repositories/exercise-template-repository.interface.ts
FNF:0
FNH:0
DA:3,4
LF:1
LH:1
BRF:0
BRH:0
end_of_record
TN:
SF:src/exercise/repositories/in-memory-exercise-template.repository.ts
FN:10,(anonymous_0)
FN:17,(anonymous_1)
FN:21,(anonymous_2)
FN:23,(anonymous_3)
FNF:4
FNH:4
FNDA:8,(anonymous_0)
FNDA:3,(anonymous_1)
FNDA:4,(anonymous_2)
FNDA:6,(anonymous_3)
DA:1,3
DA:3,3
DA:5,3
DA:8,4
DA:9,4
DA:11,8
DA:18,3
DA:22,4
DA:23,6
LF:9
LH:9
BRF:0
BRH:0
end_of_record
TN:
SF:src/exercise/repositories/in-memory-exercise.repository.ts
FN:13,(anonymous_0)
FN:16,(anonymous_1)
FN:20,(anonymous_2)
FN:22,(anonymous_3)
FN:26,(anonymous_4)
FN:31,(anonymous_5)
FNF:6
FNH:6
FNDA:9,(anonymous_0)
FNDA:2,(anonymous_1)
FNDA:1,(anonymous_2)
FNDA:1,(anonymous_3)
FNDA:3,(anonymous_4)
FNDA:1,(anonymous_5)
DA:2,3
DA:3,3
DA:4,3
DA:6,3
DA:7,3
DA:12,3
DA:13,9
DA:17,2
DA:21,1
DA:22,1
DA:27,3
DA:32,1
DA:33,1
LF:13
LH:13
BRF:0
BRH:0
end_of_record
TN:
SF:src/exercise/repositories/type-orm-exercise-template.repository.ts
FN:10,(anonymous_1)
FNF:1
FNH:1
FNDA:3,(anonymous_1)
DA:1,7
DA:2,7
DA:6,7
DA:11,3
LF:4
LH:4
BRF:0
BRH:0
end_of_record
TN:
SF:src/exercise/repositories/type-orm-exercise.repository.ts
FN:10,(anonymous_1)
FNF:1
FNH:1
FNDA:2,(anonymous_1)
DA:1,7
DA:2,7
DA:6,7
DA:11,2
LF:4
LH:4
BRF:0
BRH:0
end_of_record
TN:
SF:src/exercise/types/exercise-details.input.ts
FN:7,(anonymous_2)
FN:10,(anonymous_3)
FN:13,(anonymous_4)
FN:16,(anonymous_5)
FN:19,(anonymous_6)
FNF:5
FNH:5
FNDA:1,(anonymous_2)
FNDA:1,(anonymous_3)
FNDA:1,(anonymous_4)
FNDA:1,(anonymous_5)
FNDA:1,(anonymous_6)
DA:1,1
DA:2,1
DA:5,1
DA:7,1
DA:8,1
DA:10,1
DA:11,1
DA:13,1
DA:14,1
DA:16,1
DA:17,1
DA:19,1
DA:20,1
LF:13
LH:13
BRF:0
BRH:0
end_of_record
TN:
SF:src/exercise/types/exercise-template.input.ts
FN:5,(anonymous_2)
FNF:1
FNH:1
FNDA:1,(anonymous_2)
DA:1,1
DA:4,1
DA:5,1
DA:6,1
DA:9,1
LF:5
LH:5
BRF:0
BRH:0
end_of_record
TN:
SF:src/exercise/types/exercise.input.ts
FN:6,(anonymous_2)
FNF:1
FNH:1
FNDA:1,(anonymous_2)
DA:1,1
DA:2,1
DA:5,1
DA:6,1
DA:7,1
DA:10,1
DA:13,1
DA:16,1
DA:19,1
DA:22,1
DA:25,1
LF:11
LH:11
BRF:0
BRH:0
end_of_record
TN:
SF:src/performance/performance.module.ts
FNF:0
FNH:0
DA:1,1
DA:2,1
DA:3,1
DA:4,1
DA:15,1
LF:5
LH:5
BRF:0
BRH:0
end_of_record
TN:
SF:src/performance/data-builders/performance.data-builder.ts
FN:8,performanceDataBuilder
FNF:1
FNH:1
FNDA:29,performanceDataBuilder
DA:1,4
DA:2,4
DA:4,4
DA:8,4
DA:9,29
DA:17,29
LF:6
LH:6
BRDA:8,0,0,4
BRF:1
BRH:1
end_of_record
TN:
SF:src/performance/entities/performance.entity.ts
FN:19,(anonymous_2)
FN:8,(anonymous_3)
FN:8,(anonymous_4)
FN:14,(anonymous_5)
FN:14,(anonymous_6)
FNF:5
FNH:5
FNDA:41,(anonymous_2)
FNDA:7,(anonymous_3)
FNDA:7,(anonymous_4)
FNDA:7,(anonymous_5)
FNDA:7,(anonymous_6)
DA:1,16
DA:2,16
DA:3,16
DA:4,16
DA:7,16
DA:8,7
DA:9,16
DA:12,16
DA:14,7
DA:17,16
DA:20,41
DA:21,41
LF:12
LH:12
BRDA:19,0,0,16
BRF:1
BRH:1
end_of_record
TN:
SF:src/performance/models/performance.model.ts
FN:8,(anonymous_2)
FN:11,(anonymous_3)
FN:14,(anonymous_4)
FNF:3
FNH:3
FNDA:2,(anonymous_2)
FNDA:2,(anonymous_3)
FNDA:2,(anonymous_4)
DA:1,1
DA:2,1
DA:3,1
DA:4,1
DA:7,1
DA:8,2
DA:9,1
DA:11,2
DA:12,1
DA:14,2
DA:15,1
LF:11
LH:11
BRF:0
BRH:0
end_of_record
TN:
SF:src/performance/repositories/performance.in-memory.repository.ts
FN:5,(anonymous_0)
FNF:1
FNH:1
FNDA:1,(anonymous_0)
DA:2,1
DA:4,1
DA:6,1
LF:3
LH:3
BRF:0
BRH:0
end_of_record
TN:
SF:src/performance/repositories/performance.repository.interface.ts
FNF:0
FNH:0
DA:3,2
LF:1
LH:1
BRF:0
BRH:0
end_of_record
TN:
SF:src/performance/repositories/performance.typeorm.repository.ts
FNF:0
FNH:0
DA:1,7
DA:2,7
DA:6,7
LF:3
LH:3
BRF:0
BRH:0
end_of_record
TN:
SF:src/performance/types/performance.input.ts
FN:5,(anonymous_2)
FN:8,(anonymous_3)
FNF:2
FNH:2
FNDA:1,(anonymous_2)
FNDA:1,(anonymous_3)
DA:1,1
DA:4,1
DA:5,1
DA:6,1
DA:8,1
DA:9,1
LF:6
LH:6
BRF:0
BRH:0
end_of_record
TN:
SF:src/program/program.module.ts
FNF:0
FNH:0
DA:1,1
DA:2,1
DA:3,1
DA:4,1
DA:5,1
DA:6,1
DA:7,1
DA:8,1
DA:9,1
DA:29,1
LF:10
LH:10
BRF:0
BRH:0
end_of_record
TN:
SF:src/program/program.resolver.ts
FN:9,(anonymous_4)
FN:13,(anonymous_5)
FN:18,(anonymous_6)
FN:12,(anonymous_7)
FN:17,(anonymous_8)
FN:7,(anonymous_9)
FNF:6
FNH:5
FNDA:1,(anonymous_4)
FNDA:1,(anonymous_5)
FNDA:0,(anonymous_6)
FNDA:2,(anonymous_7)
FNDA:2,(anonymous_8)
FNDA:2,(anonymous_9)
DA:1,1
DA:2,1
DA:3,1
DA:4,1
DA:5,1
DA:7,2
DA:8,1
DA:9,1
DA:12,2
DA:13,1
DA:14,1
DA:17,2
DA:18,1
DA:19,0
LF:14
LH:13
BRF:0
BRH:0
end_of_record
TN:
SF:src/program/program.service.ts
FN:10,(anonymous_4)
FN:15,(anonymous_5)
FN:22,(anonymous_6)
FNF:3
FNH:3
FNDA:4,(anonymous_4)
FNDA:1,(anonymous_5)
FNDA:2,(anonymous_6)
DA:1,2
DA:2,2
DA:3,2
DA:9,2
DA:12,4
DA:16,1
DA:19,1
DA:23,2
LF:8
LH:8
BRF:0
BRH:0
end_of_record
TN:
SF:src/program/data-builders/program.data-builder.ts
FN:6,programDataBuilder
FNF:1
FNH:1
FNDA:56,programDataBuilder
DA:2,5
DA:3,5
DA:4,5
DA:6,5
DA:7,56
DA:12,56
DA:15,5
DA:19,5
LF:8
LH:8
BRDA:6,0,0,51
BRF:1
BRH:1
end_of_record
TN:
SF:src/program/entities/program.entity.ts
FN:17,(anonymous_2)
FN:11,(anonymous_3)
FN:11,(anonymous_4)
FN:14,(anonymous_5)
FN:14,(anonymous_6)
FNF:5
FNH:5
FNDA:86,(anonymous_2)
FNDA:7,(anonymous_3)
FNDA:7,(anonymous_4)
FNDA:7,(anonymous_5)
FNDA:7,(anonymous_6)
DA:1,16
DA:2,16
DA:3,16
DA:4,16
DA:7,16
DA:9,16
DA:11,7
DA:12,16
DA:14,7
DA:15,16
DA:18,86
DA:19,86
LF:12
LH:12
BRDA:17,0,0,28
BRF:1
BRH:1
end_of_record
TN:
SF:src/program/models/program.model.ts
FN:11,(anonymous_2)
FN:14,(anonymous_3)
FNF:2
FNH:2
FNDA:2,(anonymous_2)
FNDA:2,(anonymous_3)
DA:1,1
DA:2,1
DA:3,1
DA:4,1
DA:7,1
DA:9,1
DA:11,2
DA:12,1
DA:14,2
DA:15,1
LF:10
LH:10
BRF:0
BRH:0
end_of_record
TN:
SF:src/program/repositories/in-memory-program.repository.ts
FN:7,(anonymous_0)
FN:11,(anonymous_1)
FNF:2
FNH:2
FNDA:1,(anonymous_0)
FNDA:1,(anonymous_1)
DA:3,1
DA:4,1
DA:6,1
DA:8,1
DA:12,1
LF:5
LH:5
BRF:0
BRH:0
end_of_record
TN:
SF:src/program/repositories/program-repository.interface.ts
FNF:0
FNH:0
DA:4,2
LF:1
LH:1
BRF:0
BRH:0
end_of_record
TN:
SF:src/program/repositories/type-orm-program.repository.ts
FN:10,(anonymous_1)
FN:12,(anonymous_2)
FN:15,(anonymous_3)
FNF:3
FNH:3
FNDA:2,(anonymous_1)
FNDA:3,(anonymous_2)
FNDA:3,(anonymous_3)
DA:2,7
DA:3,7
DA:6,7
DA:11,2
DA:12,3
DA:16,3
LF:6
LH:6
BRDA:16,0,0,3
BRDA:16,0,1,0
BRF:2
BRH:1
end_of_record
TN:
SF:src/session/session.module.ts
FNF:0
FNH:0
DA:1,1
DA:2,1
DA:3,1
DA:4,1
DA:5,1
DA:6,1
DA:7,1
DA:8,1
DA:9,1
DA:10,1
DA:37,1
LF:11
LH:11
BRF:0
BRH:0
end_of_record
TN:
SF:src/session/data-builders/session.data-builder.ts
FN:8,sessionDataBuilder
FNF:1
FNH:1
FNDA:21,sessionDataBuilder
DA:1,4
DA:2,4
DA:3,4
DA:4,4
DA:5,4
DA:6,4
DA:8,4
DA:9,21
DA:19,21
DA:22,4
DA:24,4
LF:11
LH:11
BRDA:8,0,0,12
BRF:1
BRH:1
end_of_record
TN:
SF:src/session/entities/session.entity.ts
FN:16,(anonymous_2)
FN:8,(anonymous_3)
FN:8,(anonymous_4)
FN:11,(anonymous_5)
FN:11,(anonymous_6)
FNF:5
FNH:5
FNDA:36,(anonymous_2)
FNDA:7,(anonymous_3)
FNDA:7,(anonymous_4)
FNDA:7,(anonymous_5)
FNDA:7,(anonymous_6)
DA:1,16
DA:2,16
DA:3,16
DA:4,16
DA:7,16
DA:8,7
DA:9,16
DA:11,7
DA:14,16
DA:17,36
DA:18,36
LF:11
LH:11
BRDA:16,0,0,16
BRF:1
BRH:1
end_of_record
TN:
SF:src/session/models/session.model.ts
FN:8,(anonymous_2)
FN:11,(anonymous_3)
FNF:2
FNH:2
FNDA:2,(anonymous_2)
FNDA:2,(anonymous_3)
DA:1,1
DA:2,1
DA:3,1
DA:4,1
DA:7,1
DA:8,2
DA:9,1
DA:11,2
DA:12,1
LF:9
LH:9
BRF:0
BRH:0
end_of_record
TN:
SF:src/session/repositories/session.in-memory.repository.ts
FN:6,(anonymous_0)
FNF:1
FNH:1
FNDA:1,(anonymous_0)
DA:2,1
DA:3,1
DA:5,1
DA:7,1
LF:4
LH:4
BRF:0
BRH:0
end_of_record
TN:
SF:src/session/repositories/session.repository.interface.ts
FNF:0
FNH:0
DA:3,2
LF:1
LH:1
BRF:0
BRH:0
end_of_record
TN:
SF:src/session/repositories/session.typeorm.repository.ts
FNF:0
FNH:0
DA:1,7
DA:2,7
DA:6,7
LF:3
LH:3
BRF:0
BRH:0
end_of_record
TN:
SF:src/session/resolvers/create-session.resolver.ts
FN:8,(anonymous_4)
FN:11,(anonymous_5)
FN:10,(anonymous_6)
FNF:3
FNH:3
FNDA:1,(anonymous_4)
FNDA:1,(anonymous_5)
FNDA:2,(anonymous_6)
DA:1,1
DA:2,1
DA:3,1
DA:4,1
DA:7,1
DA:8,1
DA:10,2
DA:11,1
DA:14,1
LF:9
LH:9
BRF:0
BRH:0
end_of_record
TN:
SF:src/session/types/create-session.input.ts
FN:8,(anonymous_2)
FN:11,(anonymous_3)
FNF:2
FNH:2
FNDA:1,(anonymous_2)
FNDA:1,(anonymous_3)
DA:1,1
DA:2,1
DA:3,1
DA:6,1
DA:8,1
DA:9,1
DA:11,1
DA:12,1
LF:8
LH:8
BRF:0
BRH:0
end_of_record
TN:
SF:src/session/use-cases/create-session.use-case.ts
FN:22,(anonymous_4)
FN:31,(anonymous_5)
FN:35,(anonymous_6)
FN:46,(anonymous_7)
FNF:4
FNH:4
FNDA:3,(anonymous_4)
FNDA:2,(anonymous_5)
FNDA:2,(anonymous_6)
FNDA:2,(anonymous_7)
DA:1,2
DA:3,2
DA:4,2
DA:8,2
DA:9,2
DA:13,2
DA:14,2
DA:21,2
DA:24,3
DA:26,3
DA:28,3
DA:32,2
DA:33,2
DA:34,2
DA:35,2
DA:38,2
DA:43,2
DA:47,2
DA:48,2
LF:19
LH:19
BRF:0
BRH:0
end_of_record
TN:
SF:src/workout/workout.module.ts
FNF:0
FNH:0
DA:1,1
DA:2,1
DA:3,1
DA:4,1
DA:5,1
DA:6,1
DA:7,1
DA:8,1
DA:9,1
DA:10,1
DA:11,1
DA:12,1
DA:41,1
LF:13
LH:13
BRF:0
BRH:0
end_of_record
TN:
SF:src/workout/workout.resolver.ts
FN:11,(anonymous_4)
FN:17,(anonymous_5)
FN:24,(anonymous_6)
FN:36,(anonymous_7)
FN:43,(anonymous_8)
FN:50,(anonymous_9)
FN:16,(anonymous_10)
FN:18,(anonymous_11)
FN:23,(anonymous_12)
FN:26,(anonymous_13)
FN:35,(anonymous_14)
FN:42,(anonymous_15)
FN:49,(anonymous_16)
FN:51,(anonymous_17)
FNF:14
FNH:14
FNDA:1,(anonymous_4)
FNDA:1,(anonymous_5)
FNDA:1,(anonymous_6)
FNDA:1,(anonymous_7)
FNDA:1,(anonymous_8)
FNDA:1,(anonymous_9)
FNDA:2,(anonymous_10)
FNDA:1,(anonymous_11)
FNDA:2,(anonymous_12)
FNDA:1,(anonymous_13)
FNDA:2,(anonymous_14)
FNDA:2,(anonymous_15)
FNDA:2,(anonymous_16)
FNDA:1,(anonymous_17)
DA:1,1
DA:2,1
DA:3,1
DA:4,1
DA:5,1
DA:6,1
DA:7,1
DA:10,1
DA:12,1
DA:13,1
DA:16,2
DA:17,1
DA:18,1
DA:20,1
DA:23,2
DA:24,1
DA:26,1
DA:28,1
DA:32,1
DA:35,2
DA:36,1
DA:39,1
DA:42,2
DA:43,1
DA:46,1
DA:49,2
DA:50,1
DA:51,1
DA:54,1
LF:29
LH:29
BRF:0
BRH:0
end_of_record
TN:
SF:src/workout/workout.service.ts
FN:23,(anonymous_4)
FN:32,(anonymous_5)
FN:40,(anonymous_6)
FN:47,(anonymous_7)
FN:51,(anonymous_8)
FN:57,(anonymous_9)
FNF:6
FNH:6
FNDA:2,(anonymous_4)
FNDA:2,(anonymous_5)
FNDA:2,(anonymous_6)
FNDA:2,(anonymous_7)
FNDA:1,(anonymous_8)
FNDA:2,(anonymous_9)
DA:1,2
DA:2,2
DA:3,2
DA:4,2
DA:8,2
DA:13,2
DA:22,2
DA:25,2
DA:27,2
DA:29,2
DA:33,2
DA:37,2
DA:43,2
DA:44,2
DA:48,2
DA:52,1
DA:53,1
DA:54,1
DA:61,2
DA:63,2
LF:20
LH:20
BRDA:53,0,0,0
BRDA:53,0,1,1
BRF:2
BRH:1
end_of_record
TN:
SF:src/workout/data-builders/workout-input.data-builder.ts
FN:4,workoutInputDataBuilder
FNF:1
FNH:1
FNDA:1,workoutInputDataBuilder
DA:1,1
DA:2,1
DA:4,1
DA:5,1
DA:9,1
DA:10,1
LF:6
LH:6
BRDA:4,0,0,1
BRF:1
BRH:1
end_of_record
TN:
SF:src/workout/data-builders/workout.data-builder.ts
FN:4,workoutDataBuilder
FNF:1
FNH:1
FNDA:25,workoutDataBuilder
DA:1,6
DA:2,6
DA:4,6
DA:5,25
DA:9,25
DA:12,6
LF:6
LH:6
BRDA:4,0,0,12
BRF:1
BRH:1
end_of_record
TN:
SF:src/workout/entities/workout.entity.ts
FN:29,(anonymous_2)
FN:13,(anonymous_3)
FN:13,(anonymous_4)
FN:16,(anonymous_5)
FN:16,(anonymous_6)
FN:19,(anonymous_7)
FN:19,(anonymous_8)
FNF:7
FNH:7
FNDA:70,(anonymous_2)
FNDA:7,(anonymous_3)
FNDA:7,(anonymous_4)
FNDA:7,(anonymous_5)
FNDA:7,(anonymous_6)
FNDA:7,(anonymous_7)
FNDA:7,(anonymous_8)
DA:1,16
DA:2,16
DA:3,16
DA:4,16
DA:5,16
DA:6,16
DA:9,16
DA:11,16
DA:13,7
DA:14,16
DA:16,7
DA:17,16
DA:19,7
DA:20,16
DA:27,16
DA:30,70
DA:31,70
LF:17
LH:17
BRDA:29,0,0,40
BRF:1
BRH:1
end_of_record
TN:
SF:src/workout/models/workout.model.ts
FN:13,(anonymous_2)
FN:16,(anonymous_3)
FN:19,(anonymous_4)
FN:22,(anonymous_5)
FNF:4
FNH:4
FNDA:2,(anonymous_2)
FNDA:2,(anonymous_3)
FNDA:2,(anonymous_4)
FNDA:2,(anonymous_5)
DA:1,1
DA:3,1
DA:4,1
DA:5,1
DA:6,1
DA:9,1
DA:11,1
DA:13,2
DA:14,1
DA:16,2
DA:17,1
DA:19,2
DA:20,1
DA:22,2
DA:23,1
LF:15
LH:15
BRF:0
BRH:0
end_of_record
TN:
SF:src/workout/repositories/in-memory-workout.repository.ts
FN:26,(anonymous_0)
FN:28,(anonymous_1)
FN:32,(anonymous_2)
FN:33,(anonymous_3)
FN:36,(anonymous_4)
FN:45,(anonymous_5)
FNF:6
FNH:6
FNDA:12,(anonymous_0)
FNDA:5,(anonymous_1)
FNDA:4,(anonymous_2)
FNDA:4,(anonymous_3)
FNDA:4,(anonymous_4)
FNDA:1,(anonymous_5)
DA:2,3
DA:4,3
DA:5,3
DA:6,3
DA:7,3
DA:9,3
DA:10,4
DA:26,12
DA:29,5
DA:33,4
DA:37,4
DA:49,1
LF:12
LH:12
BRF:0
BRH:0
end_of_record
TN:
SF:src/workout/repositories/workout.repository.interface.ts
FNF:0
FNH:0
DA:4,4
LF:1
LH:1
BRF:0
BRH:0
end_of_record
TN:
SF:src/workout/repositories/workout.typeorm.repository.ts
FN:10,(anonymous_1)
FN:14,(anonymous_2)
FN:15,(anonymous_3)
FN:19,(anonymous_4)
FN:23,(anonymous_5)
FNF:5
FNH:5
FNDA:7,(anonymous_1)
FNDA:12,(anonymous_2)
FNDA:2,(anonymous_3)
FNDA:14,(anonymous_4)
FNDA:2,(anonymous_5)
DA:1,7
DA:2,7
DA:6,7
DA:11,7
DA:14,12
DA:15,7
DA:16,7
DA:20,14
DA:27,2
DA:28,2
DA:29,2
LF:11
LH:11
BRDA:20,0,0,6
BRDA:20,0,1,8
BRF:2
BRH:2
end_of_record
TN:
SF:src/workout/types/fill-workout-with-exercises.input.ts
FN:7,(anonymous_2)
FN:11,(anonymous_3)
FNF:2
FNH:2
FNDA:1,(anonymous_2)
FNDA:1,(anonymous_3)
DA:1,1
DA:2,1
DA:5,1
DA:7,1
DA:8,1
DA:11,1
DA:12,1
LF:7
LH:7
BRF:0
BRH:0
end_of_record
TN:
SF:src/workout/types/patch-workout.input.ts
FN:11,(anonymous_2)
FN:14,(anonymous_3)
FNF:2
FNH:2
FNDA:1,(anonymous_2)
FNDA:1,(anonymous_3)
DA:1,1
DA:4,1
DA:7,1
DA:9,1
DA:11,1
DA:12,1
DA:14,1
DA:15,1
LF:8
LH:8
BRF:0
BRH:0
end_of_record
TN:
SF:src/workout/types/schedule-workout.input.ts
FN:8,(anonymous_2)
FN:12,(anonymous_3)
FNF:2
FNH:2
FNDA:1,(anonymous_2)
FNDA:1,(anonymous_3)
DA:1,1
DA:2,1
DA:3,1
DA:6,1
DA:8,1
DA:9,1
DA:12,1
DA:13,1
LF:8
LH:8
BRF:0
BRH:0
end_of_record
TN:
SF:src/workout/types/week-days.enum.ts
FN:3,(anonymous_0)
FNF:1
FNH:1
FNDA:16,(anonymous_0)
DA:1,16
DA:3,16
DA:4,16
DA:5,16
DA:6,16
DA:7,16
DA:8,16
DA:9,16
DA:10,16
DA:13,16
LF:10
LH:10
BRDA:3,0,0,16
BRDA:3,0,1,16
BRF:2
BRH:2
end_of_record
TN:
SF:src/workout/use-cases/fill-workout-with-exercises.use-case.ts
FN:21,(anonymous_4)
FN:30,(anonymous_5)
FN:38,(anonymous_6)
FN:45,(anonymous_7)
FNF:4
FNH:4
FNDA:2,(anonymous_4)
FNDA:2,(anonymous_5)
FNDA:4,(anonymous_6)
FNDA:4,(anonymous_7)
DA:1,2
DA:2,2
DA:6,2
DA:10,2
DA:16,2
DA:17,2
DA:20,2
DA:23,2
DA:25,2
DA:27,2
DA:33,2
DA:35,2
DA:36,2
DA:39,4
DA:42,2
DA:46,4
DA:47,4
DA:48,4
LF:18
LH:18
BRF:0
BRH:0
end_of_record
TN:
SF:test/generate-jwt-token.ts
FN:7,generateJwtToken
FN:24,(anonymous_1)
FNF:2
FNH:2
FNDA:1,generateJwtToken
FNDA:1,(anonymous_1)
DA:3,1
DA:4,1
DA:5,1
DA:7,1
DA:9,1
DA:21,1
DA:25,1
DA:27,1
LF:8
LH:8
BRF:0
BRH:0
end_of_record
TN:
SF:test/handle-graphql-response.ts
FN:3,hasErrors
FN:7,displayErrors
FN:14,getDataKey
FN:22,getResponseData
FN:28,handleGraphQLResponse
FNF:5
FNH:5
FNDA:14,hasErrors
FNDA:14,displayErrors
FNDA:16,getDataKey
FNDA:14,getResponseData
FNDA:14,handleGraphQLResponse
DA:4,14
DA:8,14
DA:9,0
DA:10,0
DA:14,1
DA:15,16
DA:17,16
DA:19,16
DA:23,14
DA:28,1
DA:33,14
DA:34,14
DA:35,14
LF:13
LH:11
BRDA:4,0,0,14
BRDA:4,0,1,14
BRDA:8,1,0,0
BRDA:8,1,1,14
BRDA:24,2,0,14
BRDA:24,2,1,0
BRDA:23,3,0,14
BRDA:23,3,1,14
BRF:8
BRH:6
end_of_record
TN:
SF:test/fixtures/delete-fixtures.ts
FN:12,deleteFixtures
FNF:1
FNH:1
FNDA:1,deleteFixtures
DA:2,1
DA:3,1
DA:4,1
DA:5,1
DA:6,1
DA:7,1
DA:8,1
DA:9,1
DA:10,1
DA:12,1
DA:15,1
DA:26,1
DA:27,1
DA:28,9
LF:14
LH:14
BRF:0
BRH:0
end_of_record
TN:
SF:test/fixtures/generate-fixtures.ts
FN:24,saveFixtures
FN:35,generateFixtures
FNF:2
FNH:2
FNDA:10,saveFixtures
FNDA:1,generateFixtures
DA:2,1
DA:3,1
DA:4,1
DA:5,1
DA:9,1
DA:10,1
DA:11,1
DA:12,1
DA:13,1
DA:14,1
DA:15,1
DA:16,1
DA:17,1
DA:18,1
DA:19,1
DA:20,1
DA:21,1
DA:22,1
DA:28,10
DA:29,10
DA:32,10
DA:35,1
DA:36,1
DA:40,1
DA:47,1
DA:51,1
DA:58,1
DA:71,1
DA:72,10
LF:29
LH:29
BRF:0
BRH:0
end_of_record
TN:
SF:test/fixtures/hard-coded-values.enum.ts
FN:1,(anonymous_0)
FNF:1
FNH:1
FNDA:11,(anonymous_0)
DA:1,11
DA:2,11
DA:3,11
DA:4,11
DA:5,11
DA:6,11
LF:6
LH:6
BRDA:1,0,0,11
BRDA:1,0,1,11
BRF:2
BRH:2
end_of_record
